<?xml version="1.0" encoding="UTF-8"?>
<testng-results ignored="0" total="1" passed="1" failed="0" skipped="0">
  <reporter-output>
  </reporter-output>
  <suite started-at="2025-07-26T20:03:51 CDT" name="Default suite" finished-at="2025-07-26T20:03:59 CDT" duration-ms="7498">
    <groups>
    </groups>
    <test started-at="2025-07-26T20:03:51 CDT" name="Default test" finished-at="2025-07-26T20:03:59 CDT" duration-ms="7498">
      <class name="testcase.MyFirstTestFW">
        <test-method is-config="true" signature="setUp()[pri:0, instance:testcase.MyFirstTestFW@a486d78]" started-at="2025-07-26T20:03:51 CDT" name="setUp" finished-at="2025-07-26T20:03:56 CDT" duration-ms="4685" status="PASS">
          <reporter-output>
          </reporter-output>
        </test-method> <!-- setUp -->
        <test-method signature="LoginTest()[pri:0, instance:testcase.MyFirstTestFW@a486d78]" started-at="2025-07-26T20:03:56 CDT" name="LoginTest" finished-at="2025-07-26T20:03:59 CDT" duration-ms="2609" status="PASS">
          <reporter-output>
          </reporter-output>
        </test-method> <!-- LoginTest -->
        <test-method is-config="true" signature="tearDown()[pri:0, instance:testcase.MyFirstTestFW@a486d78]" started-at="2025-07-26T20:03:59 CDT" name="tearDown" finished-at="2025-07-26T20:03:59 CDT" duration-ms="159" status="PASS">
          <reporter-output>
          </reporter-output>
        </test-method> <!-- tearDown -->
      </class> <!-- testcase.MyFirstTestFW -->
    </test> <!-- Default test -->
  </suite> <!-- Default suite -->
</testng-results>
